#! /usr/bin/vvp
:ivl_version "12.0 (stable)";
:ivl_delay_selection "TYPICAL";
:vpi_time_precision - 12;
:vpi_module "/usr/lib/x86_64-linux-gnu/ivl/system.vpi";
:vpi_module "/usr/lib/x86_64-linux-gnu/ivl/vhdl_sys.vpi";
:vpi_module "/usr/lib/x86_64-linux-gnu/ivl/vhdl_textio.vpi";
:vpi_module "/usr/lib/x86_64-linux-gnu/ivl/v2005_math.vpi";
:vpi_module "/usr/lib/x86_64-linux-gnu/ivl/va_math.vpi";
:vpi_module "/usr/lib/x86_64-linux-gnu/ivl/v2009.vpi";
S_0x6528cc326f40 .scope package, "$unit" "$unit" 2 1;
 .timescale 0 0;
S_0x6528cc3270d0 .scope module, "ddr_tb" "ddr_tb" 3 3;
 .timescale -9 -12;
v0x6528cc33de90_0 .var "clk", 0 0;
v0x6528cc33df50_0 .var "d_fall", 0 0;
v0x6528cc33e020_0 .var "d_rise", 0 0;
v0x6528cc33e120_0 .net "q", 0 0, v0x6528cc33dc20_0;  1 drivers
v0x6528cc33e1f0_0 .var "rst_n", 0 0;
S_0x6528cc2ec500 .scope module, "uut" "ddr_simple" 3 11, 4 1 0, S_0x6528cc3270d0;
 .timescale 0 0;
    .port_info 0 /INPUT 1 "clk";
    .port_info 1 /INPUT 1 "rst_n";
    .port_info 2 /INPUT 1 "d_rise";
    .port_info 3 /INPUT 1 "d_fall";
    .port_info 4 /OUTPUT 1 "q";
v0x6528cc2ec6e0_0 .net "clk", 0 0, v0x6528cc33de90_0;  1 drivers
v0x6528cc33da90_0 .net "d_fall", 0 0, v0x6528cc33df50_0;  1 drivers
v0x6528cc33db50_0 .net "d_rise", 0 0, v0x6528cc33e020_0;  1 drivers
v0x6528cc33dc20_0 .var "q", 0 0;
v0x6528cc33dce0_0 .net "rst_n", 0 0, v0x6528cc33e1f0_0;  1 drivers
E_0x6528cc327cb0 .event negedge, v0x6528cc33dce0_0, v0x6528cc2ec6e0_0;
E_0x6528cc327750/0 .event negedge, v0x6528cc33dce0_0;
E_0x6528cc327750/1 .event posedge, v0x6528cc2ec6e0_0;
E_0x6528cc327750 .event/or E_0x6528cc327750/0, E_0x6528cc327750/1;
    .scope S_0x6528cc2ec500;
T_0 ;
    %wait E_0x6528cc327750;
    %load/vec4 v0x6528cc33dce0_0;
    %nor/r;
    %flag_set/vec4 8;
    %jmp/0xz  T_0.0, 8;
    %pushi/vec4 0, 0, 1;
    %assign/vec4 v0x6528cc33dc20_0, 0;
    %jmp T_0.1;
T_0.0 ;
    %load/vec4 v0x6528cc33db50_0;
    %assign/vec4 v0x6528cc33dc20_0, 0;
T_0.1 ;
    %jmp T_0;
    .thread T_0;
    .scope S_0x6528cc2ec500;
T_1 ;
    %wait E_0x6528cc327cb0;
    %load/vec4 v0x6528cc33dce0_0;
    %nor/r;
    %flag_set/vec4 8;
    %jmp/0xz  T_1.0, 8;
    %pushi/vec4 0, 0, 1;
    %assign/vec4 v0x6528cc33dc20_0, 0;
    %jmp T_1.1;
T_1.0 ;
    %load/vec4 v0x6528cc33da90_0;
    %assign/vec4 v0x6528cc33dc20_0, 0;
T_1.1 ;
    %jmp T_1;
    .thread T_1;
    .scope S_0x6528cc3270d0;
T_2 ;
    %pushi/vec4 0, 0, 1;
    %store/vec4 v0x6528cc33de90_0, 0, 1;
T_2.0 ;
    %delay 5000, 0;
    %load/vec4 v0x6528cc33de90_0;
    %inv;
    %store/vec4 v0x6528cc33de90_0, 0, 1;
    %jmp T_2.0;
    %end;
    .thread T_2;
    .scope S_0x6528cc3270d0;
T_3 ;
    %pushi/vec4 0, 0, 1;
    %store/vec4 v0x6528cc33e1f0_0, 0, 1;
    %pushi/vec4 0, 0, 1;
    %store/vec4 v0x6528cc33e020_0, 0, 1;
    %pushi/vec4 0, 0, 1;
    %store/vec4 v0x6528cc33df50_0, 0, 1;
    %delay 12000, 0;
    %pushi/vec4 1, 0, 1;
    %store/vec4 v0x6528cc33e1f0_0, 0, 1;
    %delay 10000, 0;
    %pushi/vec4 1, 0, 1;
    %store/vec4 v0x6528cc33e020_0, 0, 1;
    %pushi/vec4 0, 0, 1;
    %store/vec4 v0x6528cc33df50_0, 0, 1;
    %delay 10000, 0;
    %pushi/vec4 0, 0, 1;
    %store/vec4 v0x6528cc33e020_0, 0, 1;
    %pushi/vec4 1, 0, 1;
    %store/vec4 v0x6528cc33df50_0, 0, 1;
    %delay 10000, 0;
    %pushi/vec4 1, 0, 1;
    %store/vec4 v0x6528cc33e020_0, 0, 1;
    %pushi/vec4 1, 0, 1;
    %store/vec4 v0x6528cc33df50_0, 0, 1;
    %delay 10000, 0;
    %pushi/vec4 0, 0, 1;
    %store/vec4 v0x6528cc33e020_0, 0, 1;
    %pushi/vec4 0, 0, 1;
    %store/vec4 v0x6528cc33df50_0, 0, 1;
    %delay 50000, 0;
    %vpi_call/w 3 36 "$finish" {0 0 0};
    %end;
    .thread T_3;
    .scope S_0x6528cc3270d0;
T_4 ;
    %vpi_call/w 3 40 "$monitor", "Time=%0t |reset=%b| clk=%b | d_rise=%b | d_fall=%b | q=%b", $time, v0x6528cc33e1f0_0, v0x6528cc33de90_0, v0x6528cc33e020_0, v0x6528cc33df50_0, v0x6528cc33e120_0 {0 0 0};
    %end;
    .thread T_4;
    .scope S_0x6528cc3270d0;
T_5 ;
    %vpi_call/w 3 45 "$dumpfile", "dump.vcd" {0 0 0};
    %vpi_call/w 3 46 "$dumpvars", 32'sb00000000000000000000000000000000, S_0x6528cc3270d0 {0 0 0};
    %end;
    .thread T_5;
# The file index is used to find the file name in the following table.
:file_names 5;
    "N/A";
    "<interactive>";
    "-";
    "ddr_tb.sv";
    "ddr_simple.v";
